version: ccfx 10.2.7
format: pair_diploid
option: -b 50
option: -s 2
option: -u +
option: -t 12
option: -w f+g+w+
option: -j +
option: -k 60m
option: -preprocessed_file_postfix .cpp.2_0_0_2.default.ccfxprep
option: -pp +
preprocess_script: cpp
source_files {
1	/usr/repo/tests/fuzzer.c	8788
2	/usr/repo/tests/frametest.c	7608
3	/usr/repo/tests/fullbench.c	3578
4	/usr/repo/tests/checkTag.c	201
5	/usr/repo/tests/datagencli.c	599
6	/usr/repo/contrib/gen_manual/gen_manual.cpp	1610
7	/usr/repo/programs/lz4io.h	1
8	/usr/repo/programs/datagen.h	1
9	/usr/repo/programs/bench.h	1
10	/usr/repo/programs/lz4io.c	6028
11	/usr/repo/programs/datagen.c	793
12	/usr/repo/programs/util.h	2628
13	/usr/repo/programs/lz4cli.c	3662
14	/usr/repo/programs/bench.c	3014
15	/usr/repo/programs/platform.h	52
16	/usr/repo/examples/printVersion.c	39
17	/usr/repo/examples/blockStreaming_lineByLine.c	973
18	/usr/repo/examples/frameCompress.c	1730
19	/usr/repo/examples/HCStreaming_ringBuffer.c	942
20	/usr/repo/examples/blockStreaming_doubleBuffer.c	846
21	/usr/repo/examples/compress_functions.c	2019
22	/usr/repo/examples/blockStreaming_ringBuffer.c	810
23	/usr/repo/examples/simple_buffer.c	335
24	/usr/repo/examples/dictionaryRandomAccess.c	1553
25	/usr/repo/lib/xxhash.h	7
26	/usr/repo/lib/lz4hc.c	6933
27	/usr/repo/lib/lz4frame.c	7818
28	/usr/repo/lib/lz4.h	7
29	/usr/repo/lib/xxhash.c	3794
30	/usr/repo/lib/lz4frame_static.h	5
31	/usr/repo/lib/lz4hc.h	7
32	/usr/repo/lib/lz4.c	9695
33	/usr/repo/lib/lz4frame.h	9
}
source_file_remarks {
}
clone_pairs {
434	1.790-853	1.875-938
434	1.790-853	1.943-1006
434	1.875-938	1.790-853
434	1.875-938	1.943-1006
434	1.943-1006	1.790-853
434	1.943-1006	1.875-938
283	1.1904-2060	1.2212-2368
283	1.2212-2368	1.1904-2060
279	1.2736-2789	1.4047-4100
279	1.2736-2789	1.4838-4891
269	1.3928-4300	1.4719-5091
275	1.4017-4068	1.5297-5348
279	1.4047-4100	1.2736-2789
413	1.4527-4620	1.4620-4713
413	1.4620-4713	1.4527-4620
269	1.4719-5091	1.3928-4300
275	1.4808-4859	1.5297-5348
279	1.4838-4891	1.2736-2789
275	1.5297-5348	1.4017-4068
275	1.5297-5348	1.4808-4859
24	1.5847-5897	1.6297-6347
137	1.5923-5986	1.6373-6436
111	1.5987-6073	1.7200-7286
397	1.6158-6213	1.7646-7701
397	1.6158-6213	1.7819-7874
399	1.6158-6293	1.7371-7506
24	1.6297-6347	1.5847-5897
137	1.6373-6436	1.5923-5986
364	1.6436-6564	1.6770-6898
364	1.6770-6898	1.6436-6564
111	1.7200-7286	1.5987-6073
367	1.7350-7449	1.7625-7724
397	1.7371-7426	1.7819-7874
399	1.7371-7506	1.6158-6293
367	1.7625-7724	1.7350-7449
397	1.7646-7701	1.6158-6213
397	1.7646-7701	1.7819-7874
397	1.7819-7874	1.6158-6213
397	1.7819-7874	1.7371-7426
397	1.7819-7874	1.7646-7701
484	1.8274-8326	1.8429-8481
484	1.8429-8481	1.8274-8326
484	1.8274-8326	2.7266-7318
483	1.8274-8596	2.7111-7433
484	1.8429-8481	2.7111-7163
287	1.8626-8695	2.7467-7536
484	2.7111-7163	1.8429-8481
483	2.7111-7433	1.8274-8596
484	2.7266-7318	1.8274-8326
287	2.7467-7536	1.8626-8695
311	2.1293-1378	2.1370-1455
311	2.1370-1455	2.1293-1378
356	2.2074-2168	2.4514-4608
356	2.2074-2168	2.4682-4776
260	2.2116-2168	2.4868-4920
188	2.2428-2506	2.2506-2584
192	2.2429-2507	2.2507-2585
188	2.2506-2584	2.2428-2506
192	2.2507-2585	2.2429-2507
322	2.2853-2958	2.2963-3068
322	2.2963-3068	2.2853-2958
109	2.3591-3658	2.3976-4043
109	2.3591-3658	2.4227-4294
96	2.3668-3719	2.4065-4116
96	2.3668-3719	2.4316-4367
132	2.3867-4118	2.4118-4369
109	2.3976-4043	2.3591-3658
96	2.4065-4116	2.3668-3719
132	2.4118-4369	2.3867-4118
109	2.4227-4294	2.3591-3658
96	2.4316-4367	2.3668-3719
356	2.4514-4608	2.2074-2168
356	2.4514-4608	2.4682-4776
260	2.4556-4608	2.4868-4920
93	2.4622-4679	2.4800-4857
356	2.4682-4776	2.2074-2168
356	2.4682-4776	2.4514-4608
260	2.4724-4776	2.4868-4920
93	2.4800-4857	2.4622-4679
260	2.4868-4920	2.2116-2168
260	2.4868-4920	2.4556-4608
260	2.4868-4920	2.4724-4776
484	2.7111-7163	2.7266-7318
484	2.7266-7318	2.7111-7163
219	3.1206-1354	3.2085-2233
481	3.1360-1454	3.2384-2478
470	3.1570-1628	3.1628-1686
470	3.1628-1686	3.1570-1628
219	3.2085-2233	3.1206-1354
481	3.2384-2478	3.1360-1454
490	3.3245-3295	3.3292-3342
490	3.3292-3342	3.3245-3295
136	3.80-213	14.1754-1887
486	5.376-441	5.438-503
486	5.438-503	5.376-441
401	6.641-692	6.1180-1231
401	6.1180-1231	6.641-692
76	10.2359-2423	10.2602-2666
76	10.2602-2666	10.2359-2423
125	12.26-93	12.93-160
123	12.39-89	12.106-156
198	12.40-91	12.107-158
125	12.93-160	12.26-93
123	12.106-156	12.39-89
198	12.107-158	12.40-91
95	12.1301-1393	12.1788-1880
358	12.1486-1621	12.1929-2064
95	12.1788-1880	12.1301-1393
358	12.1929-2064	12.1486-1621
423	13.1590-1646	13.1678-1734
424	13.1590-1690	13.1634-1734
424	13.1634-1734	13.1590-1690
423	13.1678-1734	13.1590-1646
431	13.1878-1936	13.1924-1982
432	13.1878-1959	13.1901-1982
432	13.1901-1982	13.1878-1959
431	13.1924-1982	13.1878-1936
179	13.3140-3195	13.3230-3285
179	13.3230-3285	13.3140-3195
136	14.1754-1887	3.80-213
233	14.954-1018	14.1285-1349
233	14.1285-1349	14.954-1018
23	14.2765-2825	14.2892-2952
23	14.2892-2952	14.2765-2825
477	17.682-793	18.1330-1441
408	17.82-136	19.44-98
471	17.682-741	20.517-576
408	17.82-136	22.44-98
471	17.682-741	22.517-576
57	17.908-966	22.745-803
477	18.1330-1441	17.682-793
46	18.1555-1620	18.1641-1706
46	18.1641-1706	18.1555-1620
471	18.1330-1389	20.517-576
471	18.1330-1389	22.517-576
408	19.44-98	17.82-136
408	19.44-98	22.44-98
419	19.297-368	22.298-369
396	19.397-447	22.399-449
78	19.706-881	22.608-783
471	20.517-576	17.682-741
471	20.517-576	18.1330-1389
471	20.517-576	22.517-576
388	21.137-262	21.517-642
118	21.178-244	21.302-368
118	21.178-244	21.431-497
118	21.178-244	21.678-744
118	21.302-368	21.178-244
118	21.302-368	21.431-497
118	21.302-368	21.558-624
118	21.302-368	21.678-744
118	21.431-497	21.178-244
118	21.431-497	21.302-368
118	21.431-497	21.558-624
118	21.431-497	21.678-744
388	21.517-642	21.137-262
118	21.558-624	21.302-368
118	21.558-624	21.431-497
118	21.558-624	21.678-744
118	21.678-744	21.178-244
118	21.678-744	21.302-368
118	21.678-744	21.431-497
118	21.678-744	21.558-624
97	21.1513-1745	21.1761-1993
160	21.1559-1653	21.1651-1745
160	21.1559-1653	21.1899-1993
161	21.1559-1699	21.1605-1745
161	21.1559-1699	21.1853-1993
161	21.1605-1745	21.1559-1699
161	21.1605-1745	21.1807-1947
160	21.1651-1745	21.1559-1653
160	21.1651-1745	21.1807-1901
97	21.1761-1993	21.1513-1745
160	21.1807-1901	21.1651-1745
160	21.1807-1901	21.1899-1993
161	21.1807-1947	21.1605-1745
161	21.1807-1947	21.1853-1993
161	21.1853-1993	21.1559-1699
161	21.1853-1993	21.1807-1947
160	21.1899-1993	21.1559-1653
160	21.1899-1993	21.1807-1901
408	22.44-98	17.82-136
471	22.517-576	17.682-741
57	22.745-803	17.908-966
471	22.517-576	18.1330-1389
408	22.44-98	19.44-98
419	22.298-369	19.297-368
396	22.399-449	19.397-447
78	22.608-783	19.706-881
471	22.517-576	20.517-576
54	26.2524-2601	26.2940-3017
54	26.2940-3017	26.2524-2601
317	26.3094-3316	26.6677-6899
478	26.5634-5733	26.6347-6446
478	26.6347-6446	26.5634-5733
317	26.6677-6899	26.3094-3316
271	27.6669-6759	27.6871-6961
271	27.6871-6961	27.6669-6759
374	29.0-81	29.1761-1842
330	29.133-283	29.1934-2084
86	29.366-523	29.2207-2364
349	29.577-639	29.1581-1643
222	29.641-942	29.2578-2879
83	29.1189-1441	29.3096-3348
349	29.1581-1643	29.577-639
221	29.1645-1761	29.3677-3793
374	29.1761-1842	29.0-81
330	29.1934-2084	29.133-283
86	29.2207-2364	29.366-523
289	29.2514-2576	29.3613-3675
222	29.2578-2879	29.641-942
83	29.3096-3348	29.1189-1441
289	29.3613-3675	29.2514-2576
221	29.3677-3793	29.1645-1761
376	32.149-199	32.174-224
376	32.174-224	32.149-199
66	32.278-344	32.311-377
66	32.311-377	32.278-344
164	32.2651-2724	32.5386-5459
112	32.3698-3764	32.5848-5914
372	32.4128-4211	32.5990-6073
164	32.5386-5459	32.2651-2724
112	32.5848-5914	32.3698-3764
372	32.5990-6073	32.4128-4211
}
clone_set_remarks {
}
